<?xml version="1.0" encoding="UTF-8"?>
<!-- Generated by org.testng.reporters.JUnitReportReporter -->
<testsuite hostname="DESKTOP-5MLG6JB" failures="0" tests="1" name="Test_pack.FortunerTest" time="13.361" errors="0" timestamp="2022-12-12T12:45:59 IST" skipped="0">
  <testcase classname="Test_pack.FortunerTest" name="TC01" time="13.361"/>
  <system-out/>
</testsuite> <!-- Test_pack.FortunerTest -->
