<?xml version="1.0" encoding="UTF-8"?>
<!-- Generated by org.testng.reporters.JUnitReportReporter -->
<testsuite hostname="DESKTOP-5MLG6JB" failures="0" tests="1" name="Test_pack.KtmTest" time="17.403" errors="0" timestamp="2022-12-12T14:43:37 IST" skipped="0">
  <testcase classname="Test_pack.KtmTest" name="TC01" time="17.403"/>
  <system-out/>
</testsuite> <!-- Test_pack.KtmTest -->
