<?xml version="1.0" encoding="UTF-8"?>
<!-- Generated by org.testng.reporters.JUnitReportReporter -->
<testsuite hostname="DESKTOP-5MLG6JB" failures="0" tests="1" name="Test_pack.Bmw_Test" time="10.035" errors="0" timestamp="2022-12-12T14:43:37 IST" skipped="0">
  <testcase classname="Test_pack.Bmw_Test" name="TC01" time="10.035"/>
  <system-out/>
</testsuite> <!-- Test_pack.Bmw_Test -->
