<?xml version="1.0" encoding="UTF-8"?>
<!-- Generated by org.testng.reporters.JUnitReportReporter -->
<testsuite hostname="DESKTOP-5MLG6JB" failures="0" tests="1" name="Test_pack.FortunerTest" time="27.100" errors="0" timestamp="2022-12-12T14:43:37 IST" skipped="0">
  <testcase classname="Test_pack.FortunerTest" name="TC01" time="27.100"/>
  <system-out/>
</testsuite> <!-- Test_pack.FortunerTest -->
